This is pdfTeX, Version 3.14159265-2.6-1.40.19 (TeX Live 2018) (preloaded format=pdflatex 2018.7.4)  6 JUL 2018 12:12
entering extended mode
 restricted \write18 enabled.
 %&-line parsing enabled.
**thesis.tex
(./thesis.tex
LaTeX2e <2018-04-01> patch level 2
Babel <3.18> and hyphenation patterns for 84 language(s) loaded.
(/usr/local/texlive/2018/texmf-dist/tex/latex/base/book.cls
Document Class: book 2014/09/29 v1.4h Standard LaTeX document class
(/usr/local/texlive/2018/texmf-dist/tex/latex/base/bk12.clo
File: bk12.clo 2014/09/29 v1.4h Standard LaTeX file (size option)
)
\c@part=\count80
\c@chapter=\count81
\c@section=\count82
\c@subsection=\count83
\c@subsubsection=\count84
\c@paragraph=\count85
\c@subparagraph=\count86
\c@figure=\count87
\c@table=\count88
\abovecaptionskip=\skip41
\belowcaptionskip=\skip42
\bibindent=\dimen102
)
(/usr/local/texlive/2018/texmf-dist/tex/latex/base/inputenc.sty
Package: inputenc 2018/04/06 v1.3b Input encoding file
\inpenc@prehook=\toks14
\inpenc@posthook=\toks15

(/usr/local/texlive/2018/texmf-dist/tex/latex/base/latin1.def
File: latin1.def 2018/04/06 v1.3b Input encoding file
))
(/usr/local/texlive/2018/texmf-dist/tex/latex/base/fontenc.sty
Package: fontenc 2017/04/05 v2.0i Standard LaTeX package

(/usr/local/texlive/2018/texmf-dist/tex/latex/base/t1enc.def
File: t1enc.def 2017/04/05 v2.0i Standard LaTeX file
LaTeX Font Info:    Redeclaring font encoding T1 on input line 48.
))
(/usr/local/texlive/2018/texmf-dist/tex/latex/fancyhdr/fancyhdr.sty
Package: fancyhdr 2017/06/30 v3.9a Extensive control of page headers and footer
s
\f@nch@headwidth=\skip43
\f@nch@O@elh=\skip44
\f@nch@O@erh=\skip45
\f@nch@O@olh=\skip46
\f@nch@O@orh=\skip47
\f@nch@O@elf=\skip48
\f@nch@O@erf=\skip49
\f@nch@O@olf=\skip50
\f@nch@O@orf=\skip51
)
(/usr/local/texlive/2018/texmf-dist/tex/latex/graphics/graphicx.sty
Package: graphicx 2017/06/01 v1.1a Enhanced LaTeX Graphics (DPC,SPQR)

(/usr/local/texlive/2018/texmf-dist/tex/latex/graphics/keyval.sty
Package: keyval 2014/10/28 v1.15 key=value parser (DPC)
\KV@toks@=\toks16
)
(/usr/local/texlive/2018/texmf-dist/tex/latex/graphics/graphics.sty
Package: graphics 2017/06/25 v1.2c Standard LaTeX Graphics (DPC,SPQR)

(/usr/local/texlive/2018/texmf-dist/tex/latex/graphics/trig.sty
Package: trig 2016/01/03 v1.10 sin cos tan (DPC)
)
(/usr/local/texlive/2018/texmf-dist/tex/latex/graphics-cfg/graphics.cfg
File: graphics.cfg 2016/06/04 v1.11 sample graphics configuration
)
Package graphics Info: Driver file: pdftex.def on input line 99.

(/usr/local/texlive/2018/texmf-dist/tex/latex/graphics-def/pdftex.def
File: pdftex.def 2018/01/08 v1.0l Graphics/color driver for pdftex
))
\Gin@req@height=\dimen103
\Gin@req@width=\dimen104
)
(/usr/local/texlive/2018/texmf-dist/tex/latex/pdfpages/pdfpages.sty
Package: pdfpages 2017/10/31 v0.5l Insert pages of external PDF documents (AM)

(/usr/local/texlive/2018/texmf-dist/tex/latex/base/ifthen.sty
Package: ifthen 2014/09/29 v1.1c Standard LaTeX ifthen package (DPC)
)
(/usr/local/texlive/2018/texmf-dist/tex/latex/tools/calc.sty
Package: calc 2017/05/25 v4.3 Infix arithmetic (KKT,FJ)
\calc@Acount=\count89
\calc@Bcount=\count90
\calc@Adimen=\dimen105
\calc@Bdimen=\dimen106
\calc@Askip=\skip52
\calc@Bskip=\skip53
LaTeX Info: Redefining \setlength on input line 80.
LaTeX Info: Redefining \addtolength on input line 81.
\calc@Ccount=\count91
\calc@Cskip=\skip54
)
(/usr/local/texlive/2018/texmf-dist/tex/latex/eso-pic/eso-pic.sty
Package: eso-pic 2015/07/21 v2.0g eso-pic (RN)

(/usr/local/texlive/2018/texmf-dist/tex/generic/oberdiek/atbegshi.sty
Package: atbegshi 2016/06/09 v1.18 At begin shipout hook (HO)

(/usr/local/texlive/2018/texmf-dist/tex/generic/oberdiek/infwarerr.sty
Package: infwarerr 2016/05/16 v1.4 Providing info/warning/error messages (HO)
)
(/usr/local/texlive/2018/texmf-dist/tex/generic/oberdiek/ltxcmds.sty
Package: ltxcmds 2016/05/16 v1.23 LaTeX kernel commands for general use (HO)
)
(/usr/local/texlive/2018/texmf-dist/tex/generic/oberdiek/ifpdf.sty
Package: ifpdf 2017/03/15 v3.2 Provides the ifpdf switch
))
(/usr/local/texlive/2018/texmf-dist/tex/latex/xcolor/xcolor.sty
Package: xcolor 2016/05/11 v2.12 LaTeX color extensions (UK)

(/usr/local/texlive/2018/texmf-dist/tex/latex/graphics-cfg/color.cfg
File: color.cfg 2016/01/02 v1.6 sample color configuration
)
Package xcolor Info: Driver file: pdftex.def on input line 225.
Package xcolor Info: Model `cmy' substituted by `cmy0' on input line 1348.
Package xcolor Info: Model `hsb' substituted by `rgb' on input line 1352.
Package xcolor Info: Model `RGB' extended on input line 1364.
Package xcolor Info: Model `HTML' substituted by `rgb' on input line 1366.
Package xcolor Info: Model `Hsb' substituted by `hsb' on input line 1367.
Package xcolor Info: Model `tHsb' substituted by `hsb' on input line 1368.
Package xcolor Info: Model `HSB' substituted by `hsb' on input line 1369.
Package xcolor Info: Model `Gray' substituted by `gray' on input line 1370.
Package xcolor Info: Model `wave' substituted by `hsb' on input line 1371.
))
\AM@pagewidth=\dimen107
\AM@pageheight=\dimen108

(/usr/local/texlive/2018/texmf-dist/tex/latex/pdfpages/pppdftex.def
File: pppdftex.def 2017/10/31 v0.5l Pdfpages driver for pdfTeX (AM)
)
\AM@pagebox=\box26
\AM@global@opts=\toks17
\AM@toc@title=\toks18
\c@AM@survey=\count92
\AM@templatesizebox=\box27
)
(/usr/local/texlive/2018/texmf-dist/tex/latex/amsmath/amsmath.sty
Package: amsmath 2017/09/02 v2.17a AMS math features
\@mathmargin=\skip55

For additional information on amsmath, use the `?' option.
(/usr/local/texlive/2018/texmf-dist/tex/latex/amsmath/amstext.sty
Package: amstext 2000/06/29 v2.01 AMS text

(/usr/local/texlive/2018/texmf-dist/tex/latex/amsmath/amsgen.sty
File: amsgen.sty 1999/11/30 v2.0 generic functions
\@emptytoks=\toks19
\ex@=\dimen109
))
(/usr/local/texlive/2018/texmf-dist/tex/latex/amsmath/amsbsy.sty
Package: amsbsy 1999/11/29 v1.2d Bold Symbols
\pmbraise@=\dimen110
)
(/usr/local/texlive/2018/texmf-dist/tex/latex/amsmath/amsopn.sty
Package: amsopn 2016/03/08 v2.02 operator names
)
\inf@bad=\count93
LaTeX Info: Redefining \frac on input line 213.
\uproot@=\count94
\leftroot@=\count95
LaTeX Info: Redefining \overline on input line 375.
\classnum@=\count96
\DOTSCASE@=\count97
LaTeX Info: Redefining \ldots on input line 472.
LaTeX Info: Redefining \dots on input line 475.
LaTeX Info: Redefining \cdots on input line 596.
\Mathstrutbox@=\box28
\strutbox@=\box29
\big@size=\dimen111
LaTeX Font Info:    Redeclaring font encoding OML on input line 712.
LaTeX Font Info:    Redeclaring font encoding OMS on input line 713.
\macc@depth=\count98
\c@MaxMatrixCols=\count99
\dotsspace@=\muskip10
\c@parentequation=\count100
\dspbrk@lvl=\count101
\tag@help=\toks20
\row@=\count102
\column@=\count103
\maxfields@=\count104
\andhelp@=\toks21
\eqnshift@=\dimen112
\alignsep@=\dimen113
\tagshift@=\dimen114
\tagwidth@=\dimen115
\totwidth@=\dimen116
\lineht@=\dimen117
\@envbody=\toks22
\multlinegap=\skip56
\multlinetaggap=\skip57
\mathdisplay@stack=\toks23
LaTeX Info: Redefining \[ on input line 2817.
LaTeX Info: Redefining \] on input line 2818.
)
(/usr/local/texlive/2018/texmf-dist/tex/latex/fancyvrb/fancyvrb.sty
Package: fancyvrb 2008/02/07

Style option: `fancyvrb' v2.7a, with DG/SPQR fixes, and firstline=lastline fix 
<2008/02/07> (tvz)
\FV@CodeLineNo=\count105
\FV@InFile=\read1
\FV@TabBox=\box30
\c@FancyVerbLine=\count106
\FV@StepNumber=\count107
\FV@OutFile=\write3
)
(/usr/local/texlive/2018/texmf-dist/tex/latex/datetime/datetime.sty
Package: datetime 2015/03/20 v2.60 Date Time Package

(/usr/local/texlive/2018/texmf-dist/tex/latex/etoolbox/etoolbox.sty
Package: etoolbox 2018/02/11 v2.5e e-TeX tools for LaTeX (JAW)
\etb@tempcnta=\count108
)
(/usr/local/texlive/2018/texmf-dist/tex/latex/fmtcount/fmtcount.sty
Package: fmtcount 2017/12/24 v3.05

(/usr/local/texlive/2018/texmf-dist/tex/latex/xkeyval/xkeyval.sty
Package: xkeyval 2014/12/03 v2.7a package option processing (HA)

(/usr/local/texlive/2018/texmf-dist/tex/generic/xkeyval/xkeyval.tex
(/usr/local/texlive/2018/texmf-dist/tex/generic/xkeyval/xkvutils.tex
\XKV@toks=\toks24
\XKV@tempa@toks=\toks25
)
\XKV@depth=\count109
File: xkeyval.tex 2014/12/03 v2.7a key=value parser (HA)
))
(/usr/local/texlive/2018/texmf-dist/tex/latex/fmtcount/fcprefix.sty
Package: fcprefix 2012/09/28

(/usr/local/texlive/2018/texmf-dist/tex/latex/fmtcount/fcnumparser.sty
Package: fcnumparser 2017/06/15
\fc@digit@counter=\count110
))
\c@padzeroesN=\count111
\fc@tmpcatcode=\count112
\@DT@modctr=\count113
\@ordinalctr=\count114
\@orgargctr=\count115
\@strctr=\count116
\@tmpstrctr=\count117
\@DT@loopN=\count118
\@DT@X=\count119
)
(/usr/local/texlive/2018/texmf-dist/tex/latex/datetime/datetime-defaults.sty
Package: datetime-defaults 2013/09/10
)
\@day=\count120
\@month=\count121
\@year=\count122
\c@HOUR=\count123
\c@HOURXII=\count124
\c@MINUTE=\count125
\c@TOHOUR=\count126
\c@TOMINUTE=\count127
\c@SECOND=\count128
\currenthour=\count129
\currentminute=\count130
\currentsecond=\count131
Package datetime Info: No datetime.cfg file found, using default settings on in
put line 308.
\@dtctr=\count132
\dayofyear=\count133
\dayofweek=\count134
LaTeX Info: Redefining \today on input line 736.
\dt@a=\toks26
\dt@b=\toks27
)
(/usr/local/texlive/2018/texmf-dist/tex/latex/hyperref/hyperref.sty
Package: hyperref 2018/02/06 v6.86b Hypertext links for LaTeX

(/usr/local/texlive/2018/texmf-dist/tex/generic/oberdiek/hobsub-hyperref.sty
Package: hobsub-hyperref 2016/05/16 v1.14 Bundle oberdiek, subset hyperref (HO)


(/usr/local/texlive/2018/texmf-dist/tex/generic/oberdiek/hobsub-generic.sty
Package: hobsub-generic 2016/05/16 v1.14 Bundle oberdiek, subset generic (HO)
Package: hobsub 2016/05/16 v1.14 Construct package bundles (HO)
Package hobsub Info: Skipping package `infwarerr' (already loaded).
Package hobsub Info: Skipping package `ltxcmds' (already loaded).
Package: ifluatex 2016/05/16 v1.4 Provides the ifluatex switch (HO)
Package ifluatex Info: LuaTeX not detected.
Package: ifvtex 2016/05/16 v1.6 Detect VTeX and its facilities (HO)
Package ifvtex Info: VTeX not detected.
Package: intcalc 2016/05/16 v1.2 Expandable calculations with integers (HO)
Package hobsub Info: Skipping package `ifpdf' (already loaded).
Package: etexcmds 2016/05/16 v1.6 Avoid name clashes with e-TeX commands (HO)
Package etexcmds Info: Could not find \expanded.
(etexcmds)             That can mean that you are not using pdfTeX 1.50 or
(etexcmds)             that some package has redefined \expanded.
(etexcmds)             In the latter case, load this package earlier.
Package: kvsetkeys 2016/05/16 v1.17 Key value parser (HO)
Package: kvdefinekeys 2016/05/16 v1.4 Define keys (HO)
Package: pdftexcmds 2018/01/30 v0.27 Utility functions of pdfTeX for LuaTeX (HO
)
Package pdftexcmds Info: LuaTeX not detected.
Package pdftexcmds Info: \pdf@primitive is available.
Package pdftexcmds Info: \pdf@ifprimitive is available.
Package pdftexcmds Info: \pdfdraftmode found.
Package: pdfescape 2016/05/16 v1.14 Implements pdfTeX's escape features (HO)
Package: bigintcalc 2016/05/16 v1.4 Expandable calculations on big integers (HO
)
Package: bitset 2016/05/16 v1.2 Handle bit-vector datatype (HO)
Package: uniquecounter 2016/05/16 v1.3 Provide unlimited unique counter (HO)
)
Package hobsub Info: Skipping package `hobsub' (already loaded).
Package: letltxmacro 2016/05/16 v1.5 Let assignment for LaTeX macros (HO)
Package: hopatch 2016/05/16 v1.3 Wrapper for package hooks (HO)
Package: xcolor-patch 2016/05/16 xcolor patch
Package: atveryend 2016/05/16 v1.9 Hooks at the very end of document (HO)
Package hobsub Info: Skipping package `atbegshi' (already loaded).
Package: refcount 2016/05/16 v3.5 Data extraction from label references (HO)
Package: hycolor 2016/05/16 v1.8 Color options for hyperref/bookmark (HO)
)
(/usr/local/texlive/2018/texmf-dist/tex/generic/ifxetex/ifxetex.sty
Package: ifxetex 2010/09/12 v0.6 Provides ifxetex conditional
)
(/usr/local/texlive/2018/texmf-dist/tex/latex/oberdiek/auxhook.sty
Package: auxhook 2016/05/16 v1.4 Hooks for auxiliary files (HO)
)
(/usr/local/texlive/2018/texmf-dist/tex/latex/oberdiek/kvoptions.sty
Package: kvoptions 2016/05/16 v3.12 Key value format for package options (HO)
)
\@linkdim=\dimen118
\Hy@linkcounter=\count135
\Hy@pagecounter=\count136

(/usr/local/texlive/2018/texmf-dist/tex/latex/hyperref/pd1enc.def
File: pd1enc.def 2018/02/06 v6.86b Hyperref: PDFDocEncoding definition (HO)
Now handling font encoding PD1 ...
... no UTF-8 mapping file for font encoding PD1
)
\Hy@SavedSpaceFactor=\count137

(/usr/local/texlive/2018/texmf-dist/tex/latex/latexconfig/hyperref.cfg
File: hyperref.cfg 2002/06/06 v1.2 hyperref configuration of TeXLive
)
Package hyperref Info: Option `plainpages' set `false' on input line 4383.
Package hyperref Info: Option `pdfpagelabels' set `true' on input line 4383.
Package hyperref Info: Option `bookmarks' set `true' on input line 4383.
Package hyperref Info: Option `colorlinks' set `false' on input line 4383.
Package hyperref Info: Hyper figures OFF on input line 4509.
Package hyperref Info: Link nesting OFF on input line 4514.
Package hyperref Info: Hyper index ON on input line 4517.
Package hyperref Info: Plain pages OFF on input line 4524.
Package hyperref Info: Backreferencing OFF on input line 4529.
Package hyperref Info: Implicit mode ON; LaTeX internals redefined.
Package hyperref Info: Bookmarks ON on input line 4762.
\c@Hy@tempcnt=\count138

(/usr/local/texlive/2018/texmf-dist/tex/latex/url/url.sty
\Urlmuskip=\muskip11
Package: url 2013/09/16  ver 3.4  Verb mode for urls, etc.
)
LaTeX Info: Redefining \url on input line 5115.
\XeTeXLinkMargin=\dimen119
\Fld@menulength=\count139
\Field@Width=\dimen120
\Fld@charsize=\dimen121
Package hyperref Info: Hyper figures OFF on input line 6369.
Package hyperref Info: Link nesting OFF on input line 6374.
Package hyperref Info: Hyper index ON on input line 6377.
Package hyperref Info: backreferencing OFF on input line 6384.
Package hyperref Info: Link coloring OFF on input line 6389.
Package hyperref Info: Link coloring with OCG OFF on input line 6394.
Package hyperref Info: PDF/A mode OFF on input line 6399.
LaTeX Info: Redefining \ref on input line 6439.
LaTeX Info: Redefining \pageref on input line 6443.
\Hy@abspage=\count140
\c@Item=\count141
\c@Hfootnote=\count142
)
Package hyperref Info: Driver (autodetected): hpdftex.

(/usr/local/texlive/2018/texmf-dist/tex/latex/hyperref/hpdftex.def
File: hpdftex.def 2018/02/06 v6.86b Hyperref driver for pdfTeX
\Fld@listcount=\count143
\c@bookmark@seq@number=\count144

(/usr/local/texlive/2018/texmf-dist/tex/latex/oberdiek/rerunfilecheck.sty
Package: rerunfilecheck 2016/05/16 v1.8 Rerun checks for auxiliary files (HO)
Package uniquecounter Info: New unique counter `rerunfilecheck' on input line 2
82.
)
\Hy@SectionHShift=\skip58
)
(/usr/local/texlive/2018/texmf-dist/tex/latex/pdfcomment/pdfcomment.sty
Package: pdfcomment 2016/06/13 pdfcomment.sty v2.4 - Josef Kleber (C) 2008-2012
, 2015-2016
\c@pc@count@i=\count145
\c@pc@count@ii=\count146
\c@pc@count@iii=\count147
\c@pc@count@iv=\count148
\pc@mathannot@box=\box31
\pc@nullbox=\box32
\pc@dima=\skip59
\pc@dimb=\skip60
\pc@Sposx=\skip61
\pc@Sposy=\skip62
\pc@Eposx=\skip63
\pc@Eposy=\skip64
\pc@column=\skip65
\pc@box@width=\skip66
\pc@box@height=\skip67
\pc@box@depth=\skip68

(/usr/local/texlive/2018/texmf-dist/tex/latex/datetime2/datetime2.sty
Package: datetime2 2016/07/12 v1.5.2 (NLCT) date and time formats

(/usr/local/texlive/2018/texmf-dist/tex/latex/tracklang/tracklang.sty
Package: tracklang 2018/02/21 v1.3.5 (NLCT) Track Languages

(/usr/local/texlive/2018/texmf-dist/tex/generic/tracklang/tracklang.tex)))
(/usr/local/texlive/2018/texmf-dist/tex/latex/oberdiek/zref-savepos.sty
Package: zref-savepos 2016/05/21 v2.26 Module savepos for zref (HO)

(/usr/local/texlive/2018/texmf-dist/tex/latex/oberdiek/zref-base.sty
Package: zref-base 2016/05/21 v2.26 Module base for zref (HO)
Package zref Info: New property list: main on input line 759.
Package zref Info: New property: default on input line 760.
Package zref Info: New property: page on input line 761.
)
Package zref Info: New property list: savepos on input line 80.
Package zref Info: New property: posx on input line 81.
Package zref Info: New property: posy on input line 82.
)
\c@zref@unique=\count149

(/usr/local/texlive/2018/texmf-dist/tex/latex/marginnote/marginnote.sty
Package: marginnote 2017/04/22 v1.2b non floating margin notes for LaTeX
\c@mn@abspage=\count150
)
(/usr/local/texlive/2018/texmf-dist/tex/latex/bezos/soulpos.sty
Package: soulpos 2012/02/25 v1.0 Fancy underlining
\ulp@subcnt=\count151
\ulp@cnt=\count152
\ulp@out=\write4
\ulp@in=\read2
\ulwidth=\dimen122
)

Package hyperref Warning: Option `pdftex' has already been used,
(hyperref)                setting the option has no effect on input line 1359.

Package zref Info: New property list: pdfcomment on input line 2724.
Package zref Info: New property: PCPDFOBJID on input line 2725.
) (/usr/local/texlive/2018/texmf-dist/tex/latex/a4wide/a4wide.sty
Package: a4wide 1994/08/30

(/usr/local/texlive/2018/texmf-dist/tex/latex/ntgclass/a4.sty
Package: a4 2004/04/15 v1.2g A4 based page layout
)) (./thesis.aux
(./title.aux) (./acknowledgements.aux) (./abstract.aux)

LaTeX Warning: Label `residuals' multiply defined.


LaTeX Warning: Label `fig:labelOfThesisFlowChart' multiply defined.

)
\openout1 = `thesis.aux'.

LaTeX Font Info:    Checking defaults for OML/cmm/m/it on input line 124.
LaTeX Font Info:    ... okay on input line 124.
LaTeX Font Info:    Checking defaults for T1/cmr/m/n on input line 124.
LaTeX Font Info:    ... okay on input line 124.
LaTeX Font Info:    Checking defaults for OT1/cmr/m/n on input line 124.
LaTeX Font Info:    ... okay on input line 124.
LaTeX Font Info:    Checking defaults for OMS/cmsy/m/n on input line 124.
LaTeX Font Info:    ... okay on input line 124.
LaTeX Font Info:    Checking defaults for OMX/cmex/m/n on input line 124.
LaTeX Font Info:    ... okay on input line 124.
LaTeX Font Info:    Checking defaults for U/cmr/m/n on input line 124.
LaTeX Font Info:    ... okay on input line 124.
LaTeX Font Info:    Checking defaults for PD1/pdf/m/n on input line 124.
LaTeX Font Info:    ... okay on input line 124.
 (/usr/local/texlive/2018/texmf-dist/tex/context/base/mkii/supp-pdf.mkii
[Loading MPS to PDF converter (version 2006.09.02).]
\scratchcounter=\count153
\scratchdimen=\dimen123
\scratchbox=\box33
\nofMPsegments=\count154
\nofMParguments=\count155
\everyMPshowfont=\toks28
\MPscratchCnt=\count156
\MPscratchDim=\dimen124
\MPnumerator=\count157
\makeMPintoPDFobject=\count158
\everyMPtoPDFconversion=\toks29
) (/usr/local/texlive/2018/texmf-dist/tex/latex/oberdiek/epstopdf-base.sty
Package: epstopdf-base 2016/05/15 v2.6 Base part for package epstopdf

(/usr/local/texlive/2018/texmf-dist/tex/latex/oberdiek/grfext.sty
Package: grfext 2016/05/16 v1.2 Manage graphics extensions (HO)
)
Package epstopdf-base Info: Redefining graphics rule for `.eps' on input line 4
38.
Package grfext Info: Graphics extension search list:
(grfext)             [.pdf,.png,.jpg,.mps,.jpeg,.jbig2,.jb2,.PDF,.PNG,.JPG,.JPE
G,.JBIG2,.JB2,.eps]
(grfext)             \AppendGraphicsExtensions on input line 456.

(/usr/local/texlive/2018/texmf-dist/tex/latex/latexconfig/epstopdf-sys.cfg
File: epstopdf-sys.cfg 2010/07/13 v1.3 Configuration of (r)epstopdf for TeX Liv
e
))
\AtBeginShipoutBox=\box34

(/usr/local/texlive/2018/texmf-dist/tex/latex/oberdiek/pdflscape.sty
Package: pdflscape 2016/05/14 v0.11 Display of landscape pages in PDF (HO)

(/usr/local/texlive/2018/texmf-dist/tex/latex/graphics/lscape.sty
Package: lscape 2000/10/22 v3.01 Landscape Pages (DPC)
)
Package pdflscape Info: Auto-detected driver: pdftex on input line 81.
)
(/usr/local/texlive/2018/texmf-dist/tex/latex/fmtcount/fc-english.def
File: fc-english.def 2016/01/12
)
Package hyperref Info: Link coloring OFF on input line 124.

(/usr/local/texlive/2018/texmf-dist/tex/latex/hyperref/nameref.sty
Package: nameref 2016/05/21 v2.44 Cross-referencing by name of section

(/usr/local/texlive/2018/texmf-dist/tex/generic/oberdiek/gettitlestring.sty
Package: gettitlestring 2016/05/16 v1.5 Cleanup title references (HO)
)
\c@section@level=\count159
)
LaTeX Info: Redefining \ref on input line 124.
LaTeX Info: Redefining \pageref on input line 124.
LaTeX Info: Redefining \nameref on input line 124.

(./thesis.out) (./thesis.out)
\@outlinefile=\write5
\openout5 = `thesis.out'.

Package marginnote Info: \pdfoutput not 0 or unimportant and
(marginnote)             \pdflastxpos or \lastxpos available.
(marginnote)             Extended position detection mode activated.
Package soulpos Info: Loading soulutf8 on input line 124.

(/usr/local/texlive/2018/texmf-dist/tex/generic/oberdiek/soulutf8.sty
Package: soulutf8 2016/05/16 v1.1 Permit use of UTF-8 characters in soul (HO)

(/usr/local/texlive/2018/texmf-dist/tex/latex/soul/soul.sty
Package: soul 2003/11/17 v2.4 letterspacing/underlining (mf)
\SOUL@word=\toks30
\SOUL@lasttoken=\toks31
\SOUL@cmds=\toks32
\SOUL@buffer=\toks33
\SOUL@token=\toks34
\SOUL@spaceskip=\skip69
\SOUL@ttwidth=\dimen125
\SOUL@uldp=\dimen126
\SOUL@ulht=\dimen127
))
\openout2 = `title.aux'.

 (./title.tex
Underfull \hbox (badness 10000) in paragraph at lines 32--39

 []

) [1

\openout4 = `thesis.upa'.


{/usr/local/texlive/2018/texmf-var/fonts/map/pdftex/updmap/pdftex.map}]
[2

]
<StatDeclarationRWTH.pdf, id=96, 597.23125pt x 845.1575pt>
File: StatDeclarationRWTH.pdf Graphic file (type pdf)
<use StatDeclarationRWTH.pdf>
Package pdftex.def Info: StatDeclarationRWTH.pdf  used on input line 141.
(pdftex.def)             Requested size: 597.22978pt x 845.15544pt.
File: StatDeclarationRWTH.pdf Graphic file (type pdf)
<use StatDeclarationRWTH.pdf>
Package pdftex.def Info: StatDeclarationRWTH.pdf  used on input line 141.
(pdftex.def)             Requested size: 597.22978pt x 845.15544pt.
<StatDeclarationRWTH.pdf, id=99, page=1, 597.23125pt x 845.1575pt>
File: StatDeclarationRWTH.pdf Graphic file (type pdf)
<use StatDeclarationRWTH.pdf, page 1>
Package pdftex.def Info: StatDeclarationRWTH.pdf , page1 used on input line 141
.
(pdftex.def)             Requested size: 597.22978pt x 845.15544pt.
File: StatDeclarationRWTH.pdf Graphic file (type pdf)
<use StatDeclarationRWTH.pdf, page 1>
Package pdftex.def Info: StatDeclarationRWTH.pdf , page1 used on input line 141
.
(pdftex.def)             Requested size: 597.25711pt x 845.19412pt.
File: StatDeclarationRWTH.pdf Graphic file (type pdf)
<use StatDeclarationRWTH.pdf, page 1>
Package pdftex.def Info: StatDeclarationRWTH.pdf , page1 used on input line 141
.
(pdftex.def)             Requested size: 597.25711pt x 845.19412pt.
File: StatDeclarationRWTH.pdf Graphic file (type pdf)
<use StatDeclarationRWTH.pdf, page 1>
Package pdftex.def Info: StatDeclarationRWTH.pdf , page1 used on input line 141
.
(pdftex.def)             Requested size: 597.25711pt x 845.19412pt.
File: StatDeclarationRWTH.pdf Graphic file (type pdf)
<use StatDeclarationRWTH.pdf, page 1>
Package pdftex.def Info: StatDeclarationRWTH.pdf , page1 used on input line 141
.
(pdftex.def)             Requested size: 597.25711pt x 845.19412pt.
 [3 <./StatDeclarationRWTH.pdf>]
\openout2 = `acknowledgements.aux'.

 (./acknowledgements.tex [4

]) [5]
\openout2 = `abstract.aux'.


(./abstract.tex [6


]) [7] [8


] (./thesis.toc)
\tf@toc=\write6
\openout6 = `thesis.toc'.

 (./intro.tex [9] [10

]
Chapter 1.

LaTeX Warning: Citation `p301' on page 1 undefined on input line 17.


LaTeX Warning: Citation `p302' on page 1 undefined on input line 18.


LaTeX Warning: Citation `p303' on page 1 undefined on input line 18.


LaTeX Warning: Citation `p304' on page 1 undefined on input line 18.


LaTeX Warning: Citation `p305' on page 1 undefined on input line 19.


LaTeX Warning: Citation `p306' on page 1 undefined on input line 20.


LaTeX Warning: Citation `pf01' on page 1 undefined on input line 24.


Underfull \hbox (badness 10000) in paragraph at lines 17--26

 []


Underfull \hbox (badness 10000) in paragraph at lines 17--26

 []


Underfull \hbox (badness 10000) in paragraph at lines 17--26

 []


Underfull \hbox (badness 10000) in paragraph at lines 17--26

 []


Underfull \hbox (badness 10000) in paragraph at lines 17--26

 []


Underfull \hbox (badness 10000) in paragraph at lines 17--26

 []


Underfull \hbox (badness 10000) in paragraph at lines 17--26

 []


Underfull \hbox (badness 10000) in paragraph at lines 17--26

 []

[1] [2]

LaTeX Warning: Citation `pf03' on page 3 undefined on input line 29.


Underfull \hbox (badness 10000) in paragraph at lines 28--30

 []


LaTeX Warning: Citation `thesis1' on page 3 undefined on input line 37.


LaTeX Warning: Citation `p307' on page 3 undefined on input line 38.


LaTeX Warning: Citation `p316' on page 3 undefined on input line 39.


LaTeX Warning: Citation `thesis4' on page 3 undefined on input line 39.


LaTeX Warning: Citation `1thesis2' on page 3 undefined on input line 39.


LaTeX Warning: Citation `thesis5' on page 3 undefined on input line 39.


LaTeX Warning: Citation `thesis2' on page 3 undefined on input line 39.


LaTeX Warning: Citation `1thesis3' on page 3 undefined on input line 41.


Underfull \hbox (badness 10000) in paragraph at lines 35--42

 []


Underfull \hbox (badness 10000) in paragraph at lines 35--42

 []


Underfull \hbox (badness 10000) in paragraph at lines 35--42

 []


Underfull \hbox (badness 10000) in paragraph at lines 35--42

 []


Underfull \hbox (badness 10000) in paragraph at lines 35--42

 []


Underfull \hbox (badness 10000) in paragraph at lines 35--42

 []

[3] [4]
<Thesis_Goal.png, id=186, 243.91125pt x 257.46187pt>
File: Thesis_Goal.png Graphic file (type png)
<use Thesis_Goal.png>
Package pdftex.def Info: Thesis_Goal.png  used on input line 49.
(pdftex.def)             Requested size: 243.91064pt x 257.46123pt.
 [5] [6 <./Thesis_Goal.png>]
Underfull \hbox (badness 10000) in paragraph at lines 63--66

 []


Underfull \hbox (badness 10000) in paragraph at lines 63--66

 []

) (./relwork.tex [7] [8

]
Chapter 2.

LaTeX Warning: Citation `p307' on page 9 undefined on input line 11.

LaTeX Font Info:    Try loading font information for OMS+cmr on input line 13.
(/usr/local/texlive/2018/texmf-dist/tex/latex/base/omscmr.fd
File: omscmr.fd 2014/09/29 v2.5h Standard LaTeX font definitions
)
LaTeX Font Info:    Font shape `OMS/cmr/m/n' in size <12> not available
(Font)              Font shape `OMS/cmsy/m/n' tried instead on input line 13.

Underfull \hbox (badness 10000) in paragraph at lines 17--19

 []


Package hyperref Warning: Difference (2) between bookmark levels is greater 
(hyperref)                than one, level fixed on input line 19.


LaTeX Warning: Citation `thesis2' on page 9 undefined on input line 20.


Underfull \hbox (badness 10000) in paragraph at lines 20--22

 []

[9]

LaTeX Warning: Citation `p314' on page 10 undefined on input line 23.


LaTeX Warning: Citation `thesis1' on page 10 undefined on input line 23.


Underfull \hbox (badness 10000) in paragraph at lines 23--25

 []


LaTeX Warning: Citation `thesis1' on page 10 undefined on input line 26.


LaTeX Warning: Citation `p313' on page 10 undefined on input line 26.


LaTeX Warning: Citation `p316' on page 10 undefined on input line 33.


Underfull \hbox (badness 10000) in paragraph at lines 33--36

 []


Underfull \hbox (badness 10000) in paragraph at lines 33--36

 []

[10]

LaTeX Warning: Citation `thesis4' on page 11 undefined on input line 37.


LaTeX Warning: Citation `p315' on page 11 undefined on input line 38.


LaTeX Warning: Citation `thesis9' on page 11 undefined on input line 38.


LaTeX Warning: Citation `1thesis0' on page 11 undefined on input line 38.


LaTeX Warning: Citation `thesis5' on page 11 undefined on input line 40.


Underfull \hbox (badness 10000) in paragraph at lines 37--41

 []


Underfull \hbox (badness 10000) in paragraph at lines 37--41

 []


LaTeX Warning: Citation `1thesis2' on page 11 undefined on input line 43.


LaTeX Warning: Citation `thesis3' on page 11 undefined on input line 43.


LaTeX Warning: Citation `thesis3' on page 11 undefined on input line 44.


LaTeX Warning: Citation `p317' on page 11 undefined on input line 45.


Underfull \hbox (badness 10000) in paragraph at lines 42--47

 []


Underfull \hbox (badness 10000) in paragraph at lines 42--47

 []


Underfull \hbox (badness 10000) in paragraph at lines 42--47

 []

[11]

LaTeX Warning: Citation `thesis2' on page 12 undefined on input line 49.


LaTeX Warning: Citation `thesis3' on page 12 undefined on input line 49.


Underfull \hbox (badness 10000) in paragraph at lines 48--50

 []


LaTeX Warning: Citation `p401' on page 12 undefined on input line 51.

[12]
<IFLDA.png, id=239, 630.355pt x 964.60374pt>
File: IFLDA.png Graphic file (type png)
<use IFLDA.png>
Package pdftex.def Info: IFLDA.png  used on input line 62.
(pdftex.def)             Requested size: 630.35345pt x 964.6014pt.


LaTeX Warning: Float too large for page by 111.52255pt on input line 66.

[13] [14 <./IFLDA.png>]

LaTeX Warning: Citation `1thesis3' on page 15 undefined on input line 90.


LaTeX Warning: Citation `p308' on page 15 undefined on input line 93.


Underfull \hbox (badness 10000) in paragraph at lines 90--95

 []


Underfull \hbox (badness 10000) in paragraph at lines 90--95

 []


Underfull \hbox (badness 10000) in paragraph at lines 90--95

 []


Underfull \hbox (badness 10000) in paragraph at lines 90--95

 []


LaTeX Warning: Citation `p309' on page 15 undefined on input line 96.


LaTeX Warning: Citation `p310' on page 15 undefined on input line 96.


LaTeX Warning: Citation `p309' on page 15 undefined on input line 96.


LaTeX Warning: Citation `1thesis3' on page 15 undefined on input line 96.

[15]

LaTeX Warning: Citation `p308' on page 16 undefined on input line 98.


LaTeX Warning: Citation `1thesis3' on page 16 undefined on input line 98.


LaTeX Warning: Citation `1thesis3' on page 16 undefined on input line 100.


LaTeX Warning: Citation `p311' on page 16 undefined on input line 100.


LaTeX Warning: Citation `p312' on page 16 undefined on input line 104.

<Sugiyama_algorithm.png, id=270, 595.22375pt x 125.46875pt>
File: Sugiyama_algorithm.png Graphic file (type png)
<use Sugiyama_algorithm.png>
Package pdftex.def Info: Sugiyama_algorithm.png  used on input line 110.
(pdftex.def)             Requested size: 595.2223pt x 125.46843pt.
[16]

LaTeX Warning: Citation `1thesis3' on page 17 undefined on input line 116.


LaTeX Warning: Citation `1thesis3' on page 17 undefined on input line 116.

[17 <./Sugiyama_algorithm.png>]

LaTeX Warning: Citation `1thesis3' on page 18 undefined on input line 158.


Underfull \hbox (badness 10000) in paragraph at lines 161--165

 []


Underfull \hbox (badness 10000) in paragraph at lines 161--165

 []

) [18] (./solution.tex [19] [20

]
Chapter 3.
LaTeX Font Info:    Try loading font information for T1+cmtt on input line 36.
(/usr/local/texlive/2018/texmf-dist/tex/latex/base/t1cmtt.fd
File: t1cmtt.fd 2014/09/29 v2.5h Standard LaTeX font definitions
) [21]
<architecture_thesisReport.png, id=318, 733.74126pt x 442.65375pt>
File: architecture_thesisReport.png Graphic file (type png)
<use architecture_thesisReport.png>
Package pdftex.def Info: architecture_thesisReport.png  used on input line 51.
(pdftex.def)             Requested size: 733.73947pt x 442.65265pt.
<Thesis_Flow_chart.png, id=320, 695.59875pt x 538.01pt>
File: Thesis_Flow_chart.png Graphic file (type png)
<use Thesis_Flow_chart.png>
Package pdftex.def Info: Thesis_Flow_chart.png  used on input line 64.
(pdftex.def)             Requested size: 695.59706pt x 538.00868pt.

Underfull \hbox (badness 10000) in paragraph at lines 57--69

 []


Package hyperref Warning: Difference (2) between bookmark levels is greater 
(hyperref)                than one, level fixed on input line 69.


Underfull \hbox (badness 10000) in paragraph at lines 70--72

 []

[22 <./architecture_thesisReport.png>]
<chunk_data_process.png, id=332, 457.71pt x 695.59875pt>
File: chunk_data_process.png Graphic file (type png)
<use chunk_data_process.png>
Package pdftex.def Info: chunk_data_process.png  used on input line 82.
(pdftex.def)             Requested size: 457.7089pt x 695.59706pt.


LaTeX Warning: Float too large for page by 106.03629pt on input line 86.


Underfull \hbox (badness 10000) in paragraph at lines 75--87

 []


Underfull \vbox (badness 10000) has occurred while \output is active []

 [23 <./Thesis_Flow_chart.png>]
Underfull \hbox (badness 10000) in paragraph at lines 91--93

 []


Underfull \hbox (badness 10000) in paragraph at lines 99--101

 []

[24] [25 <./chunk_data_process.png>]
<DRFW_Visualization_Architecture.png, id=353, 691.58376pt x 691.58376pt>
File: DRFW_Visualization_Architecture.png Graphic file (type png)
<use DRFW_Visualization_Architecture.png>
Package pdftex.def Info: DRFW_Visualization_Architecture.png  used on input lin
e 118.
(pdftex.def)             Requested size: 691.58206pt x 691.58206pt.

Underfull \hbox (badness 10000) in paragraph at lines 112--126

 []

[26] [27 <./DRFW_Visualization_Architecture.png>]
<Sequence_Diagram.png, id=374, 796.9775pt x 848.16875pt>
File: Sequence_Diagram.png Graphic file (type png)
<use Sequence_Diagram.png>
Package pdftex.def Info: Sequence_Diagram.png  used on input line 149.
(pdftex.def)             Requested size: 796.97554pt x 848.16667pt.
 [28] [29 <./Sequence_Diagram.png>]
Underfull \hbox (badness 10000) in paragraph at lines 160--162

 []

) (./impl.tex [30]
Chapter 4.
) (./eval.tex [31

] [32

]
Chapter 5.

Underfull \hbox (badness 10000) in paragraph at lines 18--23

 []


Underfull \hbox (badness 10000) in paragraph at lines 18--23

 []


Underfull \hbox (badness 10000) in paragraph at lines 18--23

 []


Underfull \hbox (badness 10000) in paragraph at lines 18--23

 []


Underfull \hbox (badness 10000) in paragraph at lines 18--23

 []


Underfull \hbox (badness 10000) in paragraph at lines 18--23

 []

[33]) (./concl.tex [34]
Chapter 6.
) (./biblio.tex
No file thesis.bbl.
)
Package atveryend Info: Empty hook `BeforeClearDocument' on input line 203.
 [35

]
Package atveryend Info: Empty hook `AfterLastShipout' on input line 203.
 (./thesis.aux (./title.aux) (./acknowledgements.aux) (./abstract.aux)
* soulpos - computing points - it may take a few seconds *
\openout4 = `thesis.upb'.

 (./thesis.upa))
Package atveryend Info: Executing hook `AtVeryEndDocument' on input line 203.
Package atveryend Info: Executing hook `AtEndAfterFileList' on input line 203.
Package rerunfilecheck Info: File `thesis.out' has not changed.
(rerunfilecheck)             Checksum: 7001999FD5EBCAF4A9DA8B83A8FD1E94;1325.


LaTeX Warning: There were undefined references.


LaTeX Warning: There were multiply-defined labels.

 ) 
Here is how much of TeX's memory you used:
 12968 strings out of 492649
 222791 string characters out of 6129623
 339301 words of memory out of 5000000
 16469 multiletter control sequences out of 15000+600000
 22153 words of font info for 51 fonts, out of 8000000 for 9000
 1141 hyphenation exceptions out of 8191
 38i,18n,48p,1041b,553s stack positions out of 5000i,500n,10000p,200000b,80000s
{/usr/local/texlive/2018/texmf-dist/fonts/enc/dvips/cm-super/cm-super-t1.enc}
</usr/local/texlive/2018/texmf-dist/fonts/type1/public/amsfonts/cm/cmex10.pfb><
/usr/local/texlive/2018/texmf-dist/fonts/type1/public/amsfonts/cm/cmmi12.pfb></
usr/local/texlive/2018/texmf-dist/fonts/type1/public/amsfonts/cm/cmmi6.pfb></us
r/local/texlive/2018/texmf-dist/fonts/type1/public/amsfonts/cm/cmmi8.pfb></usr/
local/texlive/2018/texmf-dist/fonts/type1/public/amsfonts/cm/cmr12.pfb></usr/lo
cal/texlive/2018/texmf-dist/fonts/type1/public/amsfonts/cm/cmr8.pfb></usr/local
/texlive/2018/texmf-dist/fonts/type1/public/amsfonts/cm/cmsy10.pfb></usr/local/
texlive/2018/texmf-dist/fonts/type1/public/amsfonts/cm/cmsy6.pfb></usr/local/te
xlive/2018/texmf-dist/fonts/type1/public/amsfonts/cm/cmsy8.pfb></usr/local/texl
ive/2018/texmf-dist/fonts/type1/public/cm-super/sfbx1200.pfb></usr/local/texliv
e/2018/texmf-dist/fonts/type1/public/cm-super/sfbx1440.pfb></usr/local/texlive/
2018/texmf-dist/fonts/type1/public/cm-super/sfbx1728.pfb></usr/local/texlive/20
18/texmf-dist/fonts/type1/public/cm-super/sfbx2488.pfb></usr/local/texlive/2018
/texmf-dist/fonts/type1/public/cm-super/sfrm0700.pfb></usr/local/texlive/2018/t
exmf-dist/fonts/type1/public/cm-super/sfrm0800.pfb></usr/local/texlive/2018/tex
mf-dist/fonts/type1/public/cm-super/sfrm1200.pfb></usr/local/texlive/2018/texmf
-dist/fonts/type1/public/cm-super/sfrm1440.pfb></usr/local/texlive/2018/texmf-d
ist/fonts/type1/public/cm-super/sfsl1200.pfb></usr/local/texlive/2018/texmf-dis
t/fonts/type1/public/cm-super/sfti0800.pfb></usr/local/texlive/2018/texmf-dist/
fonts/type1/public/cm-super/sfti1200.pfb></usr/local/texlive/2018/texmf-dist/fo
nts/type1/public/cm-super/sftt1095.pfb>
Output written on thesis.pdf (45 pages, 619064 bytes).
PDF statistics:
 521 PDF objects out of 1000 (max. 8388607)
 428 compressed objects within 5 object streams
 134 named destinations out of 1000 (max. 500000)
 221 words of extra memory for PDF output out of 10000 (max. 10000000)

